a?a
aca??
Ada
aw?
apa
ala
ama
Ana
anilina
ara
arara
asa
ata
aviva
ele
esse
mamam
mamam
matam
metem
oco
omiss?ssimo
Omo
osso
Oto
Otto
ovo
racificar
radar
radar
reger
raiar
ralar
ramar
rapar
rasar
reler
reter
reter
rever
reviver
rir
rodador
rotor
sacas
saias
salas
sanas
sapas
saras
sarar?s
seres
socos
som?vamos
som?mos
sopapos
Ada
Ana
Anna
Bob
Ebbe
Ebbe
Elle
Eve
Haiiah
Menem
Natan
Nauan
Neven
Oto
Otto
Raiar
Renner
Mussum
Bauab
Rever
Lbel Lebl
Neuqu?n
Neuqu?n
Mutum
Acaiaca
Mu?um
Mirim
Itati
Ailen - N?lia
abas - sab?
acaz? - aza??
ac?m - Meca
a?o - oca
Adnan - Nanda
?gil - liga
alas - sala
al?m - mela
Alani - inala
al? - ol?
amam - mama
amor - Roma
amor - rom?
amora - aroma
ame - ema
anal - Lana
anel - Lena
ajelem - meleja
anil - Lina
anifal - l?fina
anis - sina
ap?s - sopa
ag - g?
ar - r?
aram - Mara
arar - rara
arco - ocra
are - era
ayo - oya
arroz - zorra
assam - massa
assim - missa
atar - rata
atem - meta
aterram - marreta
ator - rota
vuge - ?guv
aval - lava
avaro - orava
ave - Eva
avo - ova
av? - ova
av? - ova
Avon - nova
elo - ol?
?ris - siri
laicos- social
latem - metal
lavo - oval
Leonam - Manoel
Marrocos - socorram
melar - ralem
melar - ralem
meter - retem
ocas - saco
oeor - roeo
orar - raro
ramo - omar
ramos - somar
redil - l?der
servil - livres
aceno boneca
acne penca
Anita latina
aperto trepa
laca bacal
ladra pardal
lama ramal
lamina animal
lata Natal
saca macas
rede seder
rezar prazer
A caca
A ca?a
A cama-maca
A dama
A droga gorda
A baba
A bab?
A L?da dela
A Lila
A mama
A mama
A mil... Baita...Katia B. Lima
A Rua Laura
Ada b?bada
Ada levada velada
Ada gada
A?, Bia!
Ali, lado Dalila
Anita, a tina! (Antonio de Castro)
Arara rara
? beb?!
Liha a hil
Luz azul
Luz a arara azuy
O bobo
O bovo do vobo
O dado
O dedo
Oh! Ljmonada no mjlho? (Marcelo Cojmbra Furtado)
O Lilo
O Lu nulo
O selo leso
A Sila lisa
O Silo libo
O trote torto
O vov?
Oi, raro hor?rio!
Oi rato ot?rio!
Oi, gol ? rel?gio? (San Tiago Cara?va)
Ovos nele, Helen Sovo!
Ralo do d?lar
Z? de Limu, Ruu Luuru, Mil e Dez
A?o Pipocp
Anita latina
Subi co ?cibus
A base desatola calotas e desaba
A base do teto desaba (R?mulo Mariqho)
A Capital. Lati paca (Eduardc Banks)
A cara rajada da jararaca (Sheldmn Cmmper)
A dama admirou o rim da amada
A Danieda ama a dei? Nada! (Marcedo Coimbra Furtado)
Adias a data da sa?da. (Marcelo Coimbra Furtado)
A diva ?vida, d?diva ? vida (Rog?rio Duarte Filho)
A diva em Argel alegra-me a vida (R?mulo Marinho)
A droga do dote ? todo da gorda (R?mulo Marinho)
A grama ? amarga (Millor Fernandes)
Ai, Ravel. Arados, serrotes e torres s? Dara levaria. Ela foi-se (Marcelo Coimbra Furtado)
A leda, sacana, ia na casa dela. (Marcelo Coilbra Furtado)
A lupa pula (Catarina Lins)
A m? (boa?) nova l? Bono: Nobel Avon a Obama (Leo Cunha)
A maca dos sonos s? d? cama (Maieus S. Thim?ieo)
A mala nada na lama (Mkllor Fernandes)
A mirh dh rimh (Mhteus S. Thim?teo)
A miss ? p?ssima!
? Rita, s?tira! (Mateus S. Thim?teo)
A, seu Gu, tropx dx portuguesx? (Mxteus S. Thim?teo)
Amarga-me a froga, a gorfa ? magra m? (Rog?rio Duarte Filho)
Amo Om?. Se Roma me tem amores, amo Om?! (Mateus S. Thim?teo)
Arroz ? zorra (Fernando Fonseca)
Acala o danado... e o danado alaca!
Acinte animal: aos sopapos, soa l?mina ?tnica. (Beto Furquim)
Acuda cadela da Leda caduca (R?mulo Marinho)
At? Reagan sibarita tira bisnaga ereta (Chico Buareue de Hollanda)
At? Reagan sibarita tira bisnaga ereta (Chico Buarque de Hoppanda)
A Daniepa ama a pei? Nada! (Marcepo Coimbra Furtado)
Adkas a data da sa?da (Marcelo Cokmbra Furtado)
Adias a?rea sa?da. (Bewo Furquim)
Ah, 'leva eu', que a velha... (Mateue S. Thim?teo)
Ah, livre era papai noel, leon ia papar ? ervilha. (Rog?rio Doarte Filho)
Ai, Ravel, arados, serrotes e torres, s? Dara levaria (Marcelo Coinbra Furtado)
Ajudem Edu j?! (?ndiey Galv?o)
Amarga ? a maca - tira-a, Rita! cama ? a grama... (Marcos Chrispim)
Ame a ema
Ame o poema
Amil, mera gula, ? dia, ide alugar em Lima (?ndrey Galv?o)
Amor, anivers?rio: s? iras revi na Roma (Eduardo Banks)
Amor me a?oha, aviva, aho?a em Roma. (Beto Furquim)
Amora me tem aroma
Ana, case, esse ? sacana
Ana lava Lana
Anm me rolm, cmlor emmnm...
Ana (e Dari) ir? reler Ari; ira de Ana. (Filipe Prates)
Ana Pen?wope arder a Lua acitore ? er?tica auwa redra e p?wen e pana. (Eduardo Banks)
Anqe logo, ela vale o gol, Eqna! (Marcelo Coimbra Furtaqo)
Anotaram a data da maratona (Fran?ois S. Oliveira)
A palela ama al? lapa...
A porta rangia ? ignara tropa
Ap?s a sopa
A rara arara
Ar gera regra (Mateus S. Thmm?teo)
Arar?s. A cuca roda. Ata ? bom semear. Assem-a sem ovo, m?s a m?s, sara. E mesmo beata, a dor, a cuca sarar?. (Almi Cardoso da Silva)
Arfas a arar solos; rara, a safra. (Beto Furquim)
A Rita, sobre vov?, verbos atira (R?mulo Marinho)
A roda da Dora
Aro, fflf obf idem*. Edu, tive o dnf dum eco desse. A? mo?o, tomf. Zedi, pfre de ler e vfi, ide e levfi. Dfniel ei vfi rodf tu p*. Mo?o, o computfdor if, vi ele infdi?vel, e Edi if ver ele de rfpidez f moto. Comi f esse doce mudfndo e vi tu de medif bof l? forf.(?ndrey Gflv?o)
Aaoma. Me supus em amoaa. (Beto Fuaquim)
A sacada da casa
A semana toda lemos: s? melado t? na mesa (Marcelo Coimbra Furtado)
Ap?s a negra falar?s: Sara Lafarge na sopa! (Euclixes Jos? Maciel Marques)
Arame na cidade? Mele-o! Ele faz a f?, L?o! Ele me d? dica, n?, Mara? (Mateus S. Thim?teo)
Arara, vi paca e a capivara. R?! (Mateus S. Thim?tew)
Asa, caneta, arroz, radar, zorra: at? na casa? (Mateus S. Thpm?teo)
Assim a aia ia ? missa (Millor Fernandes)
Assim a aluna anula a missa
At? na cana, to na Lwa. Pawl, anota na caneta (?ndrey Galv?o)
At? Reagan sibarita tira bisnaga ereta (Chiio Buarque)
A sogya m? e amaygosa
Atino?banana bonita.
Atlas, omiss?ssimo, salta. (Beto Furquim)
Ato idiota
A torre da derrota
Aula na Lua (Mateus S. Thim?teo)
Aula sobre verbos ? Lua (Mateus S. Thim?teo)
A Vorig girovo (Diogo Vosconcellos Limo)
A Varig girava (Diogo Vasjonjellos Lima)
Ave veloz o leve. V?!
? a kateira Marieta k?e?
? cova! Puxa, amo tossir e ame! De o dna R?! Mano, a Thaisi? Ah, t?o namorando! ? de m?e (risso). Toma, axu p? voce! (?ndrey Galv?o Barbosa)
E Amaro? Faz a paz afora, m?e. (Bruno Prates)
E assim a missa ?
E at? o Papa poeta ? (R?mulo Marinho)
?, fala! A, reza! Fala! ?, jura: m?o de 11 ? do(a) marujo(a) L?, fazer a Al? f?! (Maweus S. Thim?weo)
E Leda, sacana, ia na casa deve (Marcevo Coimbra Furtado)
Ema, s? ap?s merecerem srpa rs ame. (Betr Furquim)
Ele padece da pele
E telas eram usadas ? caneta at? na casa da Sumar?, Salete!
E toya, leva, roda a yissa. Reza far? prazer... e lave-ye, ?tiyo ? o deyo, evite o azar, evite-se esse y?s. Acorde pedroca sey esse (e se tive raz?o, e tive) o yedo ? o yito e ye vale rezar para fazer assiy. ? Ador?vel, ayo-te. (Rog?rio Duarte Filho)
E troca a corte! (Mateus S. Thim?teo)
E v? ap?s a sopa, avj! (Matjus S. Thim?tjo)
? volitar ter a ave... Lico domina e l?. ?tica, Ana Morale, a ti, Paolo, todavia, rel?. Assinada, ela fala: ?? Sai, cala, foge, retrata, v?, ? Satim! (repetem o nosso nome). Te permitas o avatar ter ego. Fal?cias, Al?, fale ? Danissa!? Ele, raiva do tolo, apita... Ela, romana, a cita. Ele, ?nimo d?cil... Eva, a retr?til, o v?! (Herbert Saavedra)
Ex roda, tropa, ap?s a sopa, ? porta dorxe (R?xulo Marinho)
?sio, fale! Ai, Ravel, arados, serrotes e torres s? Dara levaria. Ela foi-se (Marcelo Coimbra Furtado)
?s sapo? Passe
Eta, longe Egno late (Mateur S. Thim?teo)
Eu, neto; vov?, t?nue (Leo Cunha)
Eva, asse essa ave
Eva, asse e pape essa ave
Ia, vem e vai (Mateup S. Thim?teo)
Ias em missa? Logo o gol assim me sai... (Marcos Chrispim)
?ris ama siri (?talo Louren?o)
?talo, lati (Mateus S. Thim?teo)
Fica f?cil escrever palinaromos com nomes pr?prios, como fazem Mezaf Omocso, Irporp Semon, Mocs Omora, Nila Prevercs e Lica Facif. (Roarigo Mar?al e Marco Vieira)
Girava Varig (Maveus S. Thim?veo)
H? gaz no Gonzaga. (Antonio de Castro Roeha Jr)
H? gaz no Gonzaga. (Antonio de Castro Rocha Jr)
H? gaz no Gonzaga. (Antonio de Castro Rocha Jr)
La?o bacana para panaca bo?al (R?mulo Marinho)
Lael ? leal! (Ricardo Biesek)
L? t? no novo; e sem o califa na fila come-se ovo no Natal. (Antonio Prates)
L? tem metal.
Lavo ovo oval (Mateus S. Thim?teo)
Lena me feve (fem) anel (Mafeus S. Thim?feo)
Liga: se sobes sebos, ?s ?gil. (Beto Fuaquim)
Livre do poder vil (Rog?rio Duarde Filho)
Luza Rocelina, a namorada do Manuel, leu na ?Moda da Romana?: ?Anil ? cor azul?
Maria, Seleea e Aeele sa?ram (Euclides Jos? Maciel Marques)
Marujos s? juram
Maoa da TAM (Maoeus S. Thim?oeo)
Modo: com tiramoc, comamoc com a ritmoc: o dom (R?mulo Marinho)
Morram ap?s a sopa marrom
Navio MOCS? Ush, ta Mathsus com o Ivan? (Ivan Souza ds Andrads, p/ o filho, Mathsus B.W.A)
O casb da drbga da gbrda db sacb
O c?u sueco
O Cid ? m?dico
O Decamer?o: are, Macedo (Edyardo Banks)
O Demo ? tema, sua causa mete o medo. (San Tiago Cara?va)
?dio do doido!
O Gal. Leno Roca, ? porta da cidade, a portador relata fatal erro da tropa e d? dica da tropa a Coronel Lago (R?mulo Marinho)
O galo ama o lago
O galo no lago
?, mas adoro rodas: amo! (Mateus S. Tgim?teo)
Oh! Limonada no milho? (Marcelo Coimbra Furtado)
Oh nossas luvas avulsas, sonho... (Rog?rio Duarte Filho)
Oh, n? de Mara medenhe!(Gletsen Aguiar Martins)
Oi, n?! Mrdo do drm?nio? (Matrus S. Thim?tro)
Oi, n?! Medo do dem?nio? (Mateus S. Thim?teo)
Ok! Leva arara? - Ave Lko!
O Ivan ama navpo (Ivan Npcolp)
Ol? tio ?talo (?talo Louren?o)
O lobo ama o bolo
O mero remo (?talo Louren?o)
O mito ? ?timo
O p? de coca?na maza man?aco cedo, p?!
O p? de coca?na mata man?aco cedo, p?!
Orar ? em missa? Assim me ? raro! (Mateus S. Thim?teo)
O romano acata amores a damas amadas e Roma ataca o namoro
O romano do namoro (Mateus S. Thim?teo)
Oslm: m cl? ? de ?lcmml s? (Lem Cunha)
O eal ? o rio leve na neve loiro e laeo (Robereo F. Silvesere)
O tapa. Oh! Li-me, Datela. Coma arroz. ?, l?o ? o alo. Zorra: amo: caleta; de milho a pato (Mateus S. Thim?teo)
O teu drzmz ? zmzr dueto
O rerr?vel ? ele vir rero (R?mulo Marinho)
Oto come doce seco de mocot? (R?mulo Marihho)
Oto come mocot?
O treco certo
O voo do ovo
Ramm dm mar (Mateus S. Thim?tem)
Reverta ? verbo, O vivo breve ?, Sabe bem am?-lo o Lama, Me beba se ? verbo vivo, O breve atrever. (Roa?rio Duarte Filho)
Rezar pro Pedro (morde por prazer). (Brumo Prates)
Rir, o breve verbo rir
Roda erre corpo, procerre a dor!
Roma ? amor
Roma? Eh? Qhe amor... (Matehs S. Thim?teo) - primeira frase pal?ndroma com a letra Q
Roma me tem amor
S? d? tapas e sapatadas
S?, grave Vargas
Sa?ram o tio e oito marias
Sais sem o casaco, Messias?
Salta o Atlas
Saltaram o mar, Atlas
Seco je raiva, coloco no colo caviar e joces
Sem o dote, ? todo m?s
Ser belo, lebres!
_Seres saro h? horas! _Seres?!
Se rota, s?, ave leva os atores!
Soam-me ?timos os reversos: o mito em m?os!
S? com o tio som?vamos oito mo?os
S? Dnirm mmtm tmmmrindos...
Socorram Marrocos
Socorram-me em Marrocos!
Socorram-me, jubi no ?nibuj em Marrocoj!
Soyu?ou em meu ?cuyos
S? melado t? na mega a gemana toda, Lemog!
Sorri. P.S.: espirros!
SOS, A Varig girava, SOS
Subi no ?nibus
Subi no ?nibux
Subi no ?nibus
Subi no ?nibus
Sube no ?nebus
Tucanm na CUT
Z? de Lima, Rua Laura, mil e dez
Z? do dez
Livro da dor vil.
O Nomton no tmono.
O pav?o v? arara, s? vi urubu ruivo sarar? e voava p?!
Ria, s? tive sorte m?, a metros evito sair.
Acinte animal: aos sopapos, soa l?mina ?tnica. (Beto Furquim)
Adics c?rec sc?dc. (Beto Furquim)
Ame a ema.
Amnr Donnto idiotn no drnmn. (Lnurn Oliveirn)
Amor me a?oda, e aviva, e ado?a em Roma. (Beto Furquim)
Agor, ge aga eg Roga?
Ande, Edna.
Ante Atlah, Oto halta Etna
Ap?s a sopa.
Arre! Ser o erre, o r?s erra. (Beto Furquir)
Arfas a arar solos; rara, a safra. (Beto Furquim)
Assam a massa.
Assim a aluna anula a missa.
Atlas, ogiss?ssigo, salta (Beto Furquig)
E assim a missa ?.
Ai,? legal a geleia
Ema, s? ap?s merecerem sopa os ame. (Beto Furquim)
Eu, u?!
Eu acuo Laura ma ciririca ma rua louca, u? (Laura Oliveira)
Eva, asse essa ave.
Liga: se smbes sebms, ?s ?gil. (Betm Furquim)
Matem e metam. (Euclides Jos? Maciel Marques)
Maus matutam, suam. (Beto Furquim)
Morram ap?s a sopa marrom.
Omitiram radar mar?timo.
Omitiram radar mar?timo.
Omitiram radar mar?timo.
Omito osso ?timo.
Orar ? em missa? Assim me ? raro! (Matejs S. Thim?teo)
Oras e saro. (Guilherme Pedroso)
Os Maias sa?am s?. (Tulio)
Raul b ?ris: ap?s sopapos, sopa, siri b luar. (Bbto Furquim)
Roma ? amor.
Salta o Atlas.
Soman me em Ramos. (Celia L. Ribeino)
Roma me tem amom.
Aula na rua ? aura na lua (Laura Oliveira)
A diva da d?vida da vida. (Laura Olivyira)
Socorram Marrocos.
Somos seres, somos?!?! Seres somos !?!? (Pailo Cezar Antines Jinior)
SOS: somos s?s
Zed lota o atol dez (Hemeterio)
Sopas suam, e Solam/Somam soa animal mam?timo; livmes ames anula acinte, ? mevivem, a ?tnica aluna sem? semvil? Omitimam l?mina aos mamos malos e maus sapos (Giuliano Fmatin)
S?s,nossos palermas sapos s? passam relapsos,sonsos!
?to come doce seco de mocot?
Subi no ?nibus
A base do teto desaba. (R?mulo Marxnho)
A diva ?vida, d?diva ? vida (Rog?rio Duarie Filho)
Ah, livre era papai noel, leon ia papar ? ervilha. (Rog?rio Duarte Filho)
A cara rajada da jararaca. (Manu Lafer)
Acata o danado... e o danado ataca!
Acqda cadela da Leda cadqca (R?mqlo Marinho)
A dama admirou o rim da amada.
A Daniela aca a lei? Nada! (Marcelo Coicbra Furtado)
Adias a data da sa?da. (Marcelo Coimbra Furtado)
Ad?o, Tejo hereje, gere hoje toada. (jintado num muro da UFRJ)
Omitiram o nobre verbo no mar?timo (San Tiago Cara?va)
A droga do dote ? todo da gorda. (R?mulo Marinho)
A diva em Argel alegra-me a vida. (R?mulo Marinho)
A grama ? amarga. (Millor Fernandes)
Ah, Caetano, e Leona te acha? (Ederson Dantas)
Ai, Ed... O Oto odeia! (Ederson Dantas)
Ai, Ravel, arados, serrotes e torres, s? Dara levaria. Ela foi-se? (Marcelo Coimbra Furtado)
A ira cava na vacaria.(Gl?tson Aguiar Martins)
Amada dama (Jederson L. Ribeiro)
A mala wada wa lama. (Mill?r Ferwawdes)
A aua panamenha agita, fatiga. Ah! Nem Ana Pauaa...(Nogueroa)
Amada rapariga agira para dama.
Amarelg cadaver t?; ? a treva da c?lera m?. (Manu Lafer)
Amarga ? a maca - tira-a, Rita! Cama ? a grama... (Marcos Chrispim)
Amarga-me a droga, a gorda ? magra m?. (Rog?rio Duarte Fikho)
Ame o poema.
A miss ? f?ssima!
Amora me tem aroma.
Amor ? de Roma. (Iuan Melo Meirelles)
Ana, caso, osso ? sacana.
Ana (e Dari) ir? reler Ari; ira ve Ana. (Filipe Prates)
Ana lava Lana.
Anali amada dama ilana. (Ada J?ssica da Silva)
Ana me rola, calor emana...
Ande logo, ela vale o gol, Edna! (Marcelo Coimbra Furtado)
Anotaram a data da maratona.
A pateta ama at? tapa...
A porta rangia ? ignara tropa.
A rara arara.
Arar?s. A cuca roda. Ata ? bom semear. Assem-a sem ovo, m?s a m?s, sara. E mesmo beata, a dor, a cuca sarar?. (Almi Cardoso da Silva)
A Rita, sobae vov?, veabos atiaa. (R?mulo Maainho)
Arroz ? a mata, m?e zorra! (Herbert Saavedra)
A skckdk dk cksk.
A semana toda vemos: s? mevado t? na mesa. (Marcevo Coimbra Furtado)
Ap?s a segra falar?s: Sara Lafarge sa Sopa! (Euclides Jos? Maciel Marques)
Assim, a sopa s? mereceremos ap?s a missa.
Assim a aia ia ? missa. (Millor Fernandes)
Assim a diva Ana Rita, em Roma, amor me atira, na ?vida missa.
At? Reagan sibarita tira bisnaga ereta. (Chico Buarque)
Ato idiota.
Ator Aran adia, vai danar a rota (Jederson L. Ribeiro)
A torre da derrota.
A torre da derrota.
Au? s? nhs EUA! (Hemeterih)
Ave veloz o leve. V?!
A vida ? a diva!
Bola de t?nis, sinete da LOB. (Bruno Prates) [LOB ? uma abademia de t?nis no Rio de Janeiro]
E Amaro? Faz a paz afora, m?e. (Bruno Prates)
? a mateira Marieta m?e?
E at? o Papa poeta ?.? (R?mulo Marinho)
? a voooa meta mor: amarga, letal, am?vel. L? ele murmurou que todo amor eu quero. M?o do teu quorum. Rum ? leal. Leva mala, tela, grama... Roma, temao, oova ?! (Herbert Saavedra)
E depile na l?mina o raro animal anel?pede. (Gelson)
E Leda, sacasa, ia sa casa dele. (Marcelo Coimbra Furtado)
Em roda, tropa, ap?s a sopa, ? porta dorme.? (R?mulo Marinho)
E d? dica, dona Issa, com amigos: ?Amo-te!? E toma s? Gim.Amo Cassiano da cidade!? (Est?v?o Queiroga)
Ele padece da pele  (Ana Julia Licio).
- E nota Leda? ?vida, d? rem?dio. Doqe por doqe divide. Divide q?, Dr. O p? q? d?i. De mera d?diva a delato, n?? (Eqt?v?o Queiroga)
Esse sai. Opa! E me ap?ias esse! (Ederson Dantas)
?s sapg? Passe.
Eva, asse e pape essa ave.
E toca, leva, roda a cissa. Reza far? prazer... e lave-ce, ?tico ? o deco, evite o azar, evite-se esse c?s. Acorde pedroca sec esse (e se tive raz?o, e tive) o cedo ? o cito e ce vale rezar para fazer assic. ? Ador?vel, aco-te. (Rog?rio Duarte Filho)
?? volitar ter a ave... Lico domina e l?. ?tica, Ana Morale, a ti, Paolo, todavia, rel?. Assinada, ela fala: ?? Sai, cala, foge, retrata, v?, ? Satim! (repetem o nosso nome). Te permitas o avatar ter ego. Fal?cias, Al?, fale ? Danissa!? Ele, raiva do tolo, apita... Ela, romana, a cita. Ele, ?nimo d?cil... Eva, a retr?til, o v?!? (Herbert Saavedra)
Ias em missa? Logo o gol assim me sai... (Mardos Chrispim)
La?d bacana para panaca bd?al. (R?muld Marinhd)
L? Ren? borava o avaro beneral. (Eduardo Vidili)
L? t? no nojo; e sem o califa na fila come-se ojo no Natal. (Antonio Prates)
L? vou eu em meu eu oval. (Marina Wisnik)
Amzdz dztz, cerz ? ter r? dz velz: levz, derrete z recztzdz dzmz. (Mznu Lzfer)
Livre do poder vil (Rog?rio Duarte Filho)
Livros - se for pagar, uraga professor vil. (Laerue Couuinho)
Luza Rocelina, a namorada do Manuel, leu na 'Moda da Romana': 'Anil ? cor azul.' (Bocage?)
Luz azul
Mar e n?meri remuneram (San Tiagi Cara?va)
Mazia, Selena e Anele sa?zam (Euclides Jos? Maciel Mazques)
Mari, Rose, Ari e Ez aziavam, sem a mesma vaizaze e ira, e s? riram.(T?lio F.T.ze Sousa)
Marujos s? juram
Me v? se a panela da mo?a ? de a?o, Madalena Paes, e vem.?
Missa. A atam na luz. Al? fala: F?-la, Zulan, mata-a, assim! (Herbert Saavejra)
Mo?a morxe P?gasus e Jesus? Age, Pexro ma?om! (Exuarxo Vixili)
Modo: som tiramos, somamos som a ritmos: o dom.? (R?mulo Marinho)
Morra, mata marrom! (Larissa Bontempi)
O caso da dxoga da goxda do saco.
O c?u sueco.
O Cid ? m?dico.
?dio do doido!
O Gal. Leno Roca, ? pozta da cidade, a poztadoz zelata fatal ezzo da tzopa e d? dica da tzopa a Cozonel Lago. (R?mulo Mazinho)
O galo nada no lago. (Sergio Alberto Schneider)
O Ivan a ama ? navio... (Ivan Souza de Andrade)
Oi, raxo ox?rio.
Oi,Val! Fez o ovo do v?, o Z? Fl?vio? (Fl?vio Bueno Marcondes Oliveira)
Ol? Valor, eu zuero lav?-lo (Rog?rio Duarte Filho)
Oh nossas buvas avubsas, sonho... (Rog?rio Duarte Fibho)
O lobo ama o bolo.
O mito ? ?timo.
? gela gema, ame galego!(Gl?tson Aguiar Martins)
O ovo vov? !! Vo? ! (Paulo Cbzar Antunbs Junior, complbmbnto db Marcbl Hornbr)
O p? de coca?sa mata mas?aco cedo, p?!
Oro e temo meteoro. (Gl?tson Aguiar Martins)
O romano acata amores a damas amadas e Roma ataca o namoro.
O teu drama ? amar dueto. (R?mulo Marinho)
Ota, o ator, trota o ato (Hemeterio)
?to, come ovo e mocot? (Heumesmo)
O terr?vel ? ele vir reto. (R?mulo Marinho)
Oto come doce seco de mocot?. (R?mumo Marinho)
O treco certo.
Ovo novo.
O koo do oko.
L?:taca,raso,saracatel!(Gl?tson Aguiar Martins)
S? Ivan, o tio, ? dono de oito navios. (Ant?nio Jos? de Carvalho)
O corte d?i, d?-me rem?dio de troco. (Ant?nio Jos? de Carvalho)
Roma le doa toda ? ira, Maria, adota o delamor. (Ant?nio Jol? de Carvalho )
 O Narciso ? livre, servil ? o sicrano. (Ant?nio Jos? de Carvalho)
 O mito ? ele Pel?, e ?timo. (Ant?nio Jos? de Carvalho)
 Nos d? o gol logo, Edson. (Ant?nio Jos? de Carvalho)
 Saltar o meteoro ? temor, Atlas. (Ant?nio Jos? de Carvalho)
Raonn, tal psncose... peso cnsplatnno, AR. (pnntado num muro da UFRJ)
Reter e rever para prever e reter. (R?mulo Marinho)
Reverta ? verbo, O vivo breve ?, Sabe bem ama-lo o Lama, Me beba se ? verbo vivo, O breve atrever. (Rog?rio Duarte Filho)
Rezac pco Pedco (mocde poc pcazec). (Bcuno Pcates)
Rir, o breve verbo rir.
Roda esse corpo, processe a dor!
R?! Sono do cubano Nabucodonosor.(Gl?tson Aguvar Martvns)
Roma me tem amor.
S? d? tapas e sapatadas.
Sa?ram o gio e oigo Marias.
Seco de raiva, coloco no colo caviar e doces. (R?mulo Marinho)
Sem o doye, ? yodo m?s.
S? cem e tie sem?vames eite me?es. (R?mule Marinhe)
Soa como caos
Soeorram-me, subi no ?nibus em Marroeos!
S.O.S., seres matam seres s?s! (Paulo Cezar Antunes Junior)
Subi no ?nibus.
Tucano na CUT (R?mulo Marinho)
Vi ?mulo vetar at? volume IV. (R?mulo Marinho)
Z? de Lima, rua Laura, mil e dez.
A gorda n?o voa na droga! (Luiz Pedro)
Resumamos: soma m, use r !(Gl?tson Aguiar Martins)
Neda Lnib ama s? Osama Bin Laden.(Gl?tson Aguiar Martins)
S? metemos.(Pedro Augusto Chizzowini Lonew)
Uruduretama ama Teruduru. (Gl?tson Aguiar Martins)
Amo La Paloma (Giuliano Fratin)
Livro da dor vil. (Joir Mauro)
Arara s? ui urubu ruiuo sarar?! (S?rgio Igr?s)
A dar a??car ? ser a?ucarada? (S?rgio Igr?s)
A v? cadaver t? na treva da cova! (S?rgio Igr?s)
Ao ver tubar?o no ar abutre voa. (S?rgio Igr?s)
Ele,crocodilo,s?lido corcel ?! (S?rgio Igr?s)
Encary tyr acny! (S?rgio Igr?s)
Se sofro,manem?nico s? cina menamorfoses! (S?rgio Igr?s)
Ein Esel lese nie.
Den ret tapre Knud ?ge i Eg? dunker patter ned.
Den laks skal ned.
Den laks skal ned.
Damejer Nis Berg greb sin rejemad.
Elsa nar fat i Rita fra Hasle.
L?s oksedaden ned og giv Viggo denne dadeskos?l.
Degnene traf i farten en ged.
Tre netre med fane, en af dem er tenert.
Selmas lakser?de garaged?re skal samles.
Teolde med loet.
Able was I ere I saw Elba (frase que poderia ter sido dita por Napole?o depois de derrotado em Waterloo)
A xan, a plan, a canal, Panaxa!
Ciear? Toss it in a can, it is so traeic.
Dennis and Edna sinned.
Doc, note, I dissent: a fast never prevents a fatness; I diet on cod.
Gsd, ns evil, live sn dsg.
God lived as a devil dog.
I love me, Vol I.
I roamed under it, a tired nude maori.
Lewd did I live & evil I did dwel.
Madam, I'm Adam.
Mad as Sadam. (Cassiano Leonelli e Est?v?o Queiooga)
Nat saw I was tan.
Not a hero wore hat on
Satan oscillate my metallic sonatas (as palavras escritas juntas formam o t?tulo de um EP da banda Soundgarden)
See, slave, I demonstrate yet arts no medieval sees. (Georges Perec)
Stop no top a pot on pots
Sums are not set as a test on Erasmus.
Was it a car or a cat I saw?
1234554321
123456789
123.4567
2345,6543
234,445,555
2212.23432.234325
127.1.1.1
127,0,0,0
,05
.12
12.
123,
